{"/Users/administartor/Desktop/vue-vuex-typescript-demo-master/src/currency.ts": {"path":"/Users/administartor/Desktop/vue-vuex-typescript-demo-master/src/currency.ts","statementMap":{"0":{"start":{"line":1,"column":17},"end":{"line":1,"column":0}},"1":{"start":{"line":4,"column":2},"end":{"line":null,"column":-1}},"2":{"start":{"line":5,"column":2},"end":{"line":7,"column":3}},"3":{"start":{"line":6,"column":4},"end":{"line":null,"column":-1}},"4":{"start":{"line":8,"column":2},"end":{"line":null,"column":-1}},"5":{"start":{"line":9,"column":2},"end":{"line":null,"column":-1}},"6":{"start":{"line":10,"column":22},"end":{"line":10,"column":2}},"7":{"start":{"line":11,"column":17},"end":{"line":11,"column":2}},"8":{"start":{"line":12,"column":12},"end":{"line":12,"column":2}},"9":{"start":{"line":13,"column":15},"end":{"line":13,"column":2}},"10":{"start":{"line":14,"column":19},"end":{"line":14,"column":2}},"11":{"start":{"line":15,"column":15},"end":{"line":15,"column":2}},"12":{"start":{"line":16,"column":2},"end":{"line":null,"column":-1}}},"fnMap":{"0":{"name":"currencyFilter","decl":{"start":{"line":3,"column":16},"end":{"line":3,"column":6}},"loc":{"start":{"line":3,"column":72},"end":{"line":19,"column":1}}}},"branchMap":{"0":{"loc":{"start":{"line":5,"column":2},"end":{"line":7,"column":3}},"type":"if","locations":[{"start":{"line":5,"column":2},"end":{"line":7,"column":3}},{"start":{"line":5,"column":2},"end":{"line":7,"column":3}}]},"1":{"loc":{"start":{"line":5,"column":6},"end":{"line":5,"column":5}},"type":"binary-expr","locations":[{"start":{"line":5,"column":6},"end":{"line":5,"column":5}},{"start":{"line":5,"column":27},"end":{"line":5,"column":26}},{"start":{"line":5,"column":37},"end":{"line":5,"column":2}}]},"2":{"loc":{"start":{"line":8,"column":32},"end":{"line":8,"column":13}},"type":"cond-expr","locations":[{"start":{"line":8,"column":32},"end":{"line":8,"column":13}},{"start":{"line":8,"column":43},"end":{"line":8,"column":2}}]},"3":{"loc":{"start":{"line":9,"column":32},"end":{"line":9,"column":13}},"type":"cond-expr","locations":[{"start":{"line":9,"column":32},"end":{"line":9,"column":13}},{"start":{"line":9,"column":43},"end":{"line":9,"column":2}}]},"4":{"loc":{"start":{"line":11,"column":28},"end":{"line":11,"column":17}},"type":"cond-expr","locations":[{"start":{"line":11,"column":28},"end":{"line":11,"column":17}},{"start":{"line":11,"column":66},"end":{"line":11,"column":2}}]},"5":{"loc":{"start":{"line":13,"column":23},"end":{"line":13,"column":15}},"type":"cond-expr","locations":[{"start":{"line":13,"column":23},"end":{"line":13,"column":15}},{"start":{"line":13,"column":77},"end":{"line":13,"column":2}}]},"6":{"loc":{"start":{"line":13,"column":65},"end":{"line":13,"column":45}},"type":"cond-expr","locations":[{"start":{"line":13,"column":65},"end":{"line":13,"column":45}},{"start":{"line":13,"column":71},"end":{"line":13,"column":23}}]},"7":{"loc":{"start":{"line":14,"column":30},"end":{"line":14,"column":19}},"type":"cond-expr","locations":[{"start":{"line":14,"column":30},"end":{"line":14,"column":19}},{"start":{"line":14,"column":65},"end":{"line":14,"column":2}}]},"8":{"loc":{"start":{"line":15,"column":27},"end":{"line":15,"column":15}},"type":"cond-expr","locations":[{"start":{"line":15,"column":27},"end":{"line":15,"column":15}},{"start":{"line":15,"column":33},"end":{"line":15,"column":2}}]}},"s":{"0":0,"1":0,"2":0,"3":0,"4":0,"5":0,"6":0,"7":0,"8":0,"9":0,"10":0,"11":0,"12":0},"f":{"0":0},"b":{"0":[0,0],"1":[0,0,0],"2":[0,0],"3":[0,0],"4":[0,0],"5":[0,0],"6":[0,0],"7":[0,0],"8":[0,0]}}
,"/Users/administartor/Desktop/vue-vuex-typescript-demo-master/src/main.ts": {"path":"/Users/administartor/Desktop/vue-vuex-typescript-demo-master/src/main.ts","statementMap":{"0":{"start":{"line":2,"column":0},"end":{"line":null,"column":-1}},"1":{"start":{"line":3,"column":0},"end":{"line":null,"column":-1}},"2":{"start":{"line":4,"column":0},"end":{"line":null,"column":-1}},"3":{"start":{"line":5,"column":0},"end":{"line":null,"column":-1}},"4":{"start":{"line":6,"column":0},"end":{"line":null,"column":-1}},"5":{"start":{"line":7,"column":0},"end":{"line":null,"column":-1}},"6":{"start":{"line":9,"column":0},"end":{"line":null,"column":-1}},"7":{"start":{"line":11,"column":0},"end":{"line":null,"column":-1}},"8":{"start":{"line":14,"column":0},"end":{"line":null,"column":-1}},"9":{"start":{"line":15,"column":0},"end":{"line":null,"column":-1}},"10":{"start":{"line":16,"column":0},"end":{"line":null,"column":-1}},"11":{"start":{"line":16,"column":41},"end":{"line":16,"column":76}},"12":{"start":{"line":18,"column":0},"end":{"line":null,"column":-1}},"13":{"start":{"line":21,"column":17},"end":{"line":21,"column":23}}},"fnMap":{"0":{"name":"(anonymous_1)","decl":{"start":{"line":16,"column":33},"end":{"line":16,"column":32}},"loc":{"start":{"line":16,"column":37},"end":{"line":16,"column":0}}},"1":{"name":"(anonymous_2)","decl":{"start":{"line":21,"column":10},"end":{"line":21,"column":10}},"loc":{"start":{"line":21,"column":12},"end":{"line":18,"column":8}}}},"branchMap":{"0":{"loc":{"start":{"line":15,"column":21},"end":{"line":15,"column":52}},"type":"binary-expr","locations":[{"start":{"line":15,"column":21},"end":{"line":15,"column":52}},{"start":{"line":15,"column":53},"end":{"line":15,"column":0}}]}},"s":{"0":0,"1":0,"2":0,"3":0,"4":0,"5":0,"6":0,"7":0,"8":0,"9":0,"10":0,"11":0,"12":0,"13":0},"f":{"0":0,"1":0},"b":{"0":[0,0]}}
,"/Users/administartor/Desktop/vue-vuex-typescript-demo-master/src/api/shop.ts": {"path":"/Users/administartor/Desktop/vue-vuex-typescript-demo-master/src/api/shop.ts","statementMap":{"0":{"start":{"line":7,"column":21},"end":{"line":7,"column":0}},"1":{"start":{"line":15,"column":4},"end":{"line":null,"column":-1}},"2":{"start":{"line":15,"column":21},"end":{"line":15,"column":37}},"3":{"start":{"line":19,"column":4},"end":{"line":null,"column":-1}},"4":{"start":{"line":21,"column":6},"end":{"line":null,"column":-1}}},"fnMap":{"0":{"name":"(anonymous_0)","decl":{"start":{"line":14,"column":2},"end":{"line":14,"column":14}},"loc":{"start":{"line":14,"column":44},"end":{"line":13,"column":15}}},"1":{"name":"(anonymous_1)","decl":{"start":{"line":15,"column":15},"end":{"line":15,"column":14}},"loc":{"start":{"line":15,"column":15},"end":{"line":15,"column":4}}},"2":{"name":"(anonymous_2)","decl":{"start":{"line":18,"column":2},"end":{"line":18,"column":14}},"loc":{"start":{"line":18,"column":75},"end":{"line":13,"column":15}}},"3":{"name":"(anonymous_3)","decl":{"start":{"line":19,"column":15},"end":{"line":19,"column":14}},"loc":{"start":{"line":19,"column":15},"end":{"line":19,"column":4}}}},"branchMap":{"0":{"loc":{"start":{"line":22,"column":10},"end":{"line":21,"column":6}},"type":"cond-expr","locations":[{"start":{"line":22,"column":10},"end":{"line":21,"column":6}},{"start":{"line":23,"column":10},"end":{"line":21,"column":6}}]},"1":{"loc":{"start":{"line":21,"column":6},"end":{"line":21,"column":5}},"type":"binary-expr","locations":[{"start":{"line":21,"column":6},"end":{"line":21,"column":5}},{"start":{"line":21,"column":29},"end":{"line":21,"column":6}}]}},"s":{"0":0,"1":0,"2":0,"3":0,"4":0},"f":{"0":0,"1":0,"2":0,"3":0},"b":{"0":[0,0],"1":[0,0]}}
,"/Users/administartor/Desktop/vue-vuex-typescript-demo-master/src/components/Cart.vue": {"path":"/Users/administartor/Desktop/vue-vuex-typescript-demo-master/src/components/Cart.vue","statementMap":{"0":{"start":{"line":30,"column":0},"end":{"line":null,"column":-1}},"1":{"start":{"line":71,"column":0},"end":{"line":null,"column":-1}},"2":{"start":{"line":72,"column":0},"end":{"line":null,"column":-1}},"3":{"start":{"line":36,"column":0},"end":{"line":null,"column":-1}},"4":{"start":{"line":37,"column":0},"end":{"line":null,"column":-1}},"5":{"start":{"line":75,"column":0},"end":{"line":90,"column":0}},"6":{"start":{"line":75,"column":0},"end":{"line":null,"column":-1}},"7":{"start":{"line":80,"column":0},"end":{"line":null,"column":-1}},"8":{"start":{"line":81,"column":0},"end":{"line":83,"column":0}},"9":{"start":{"line":82,"column":0},"end":{"line":null,"column":-1}},"10":{"start":{"line":86,"column":0},"end":{"line":89,"column":0}},"11":{"start":{"line":88,"column":0},"end":{"line":null,"column":-1}},"12":{"start":{"line":76,"column":0},"end":{"line":null,"column":-1}},"13":{"start":{"line":77,"column":0},"end":{"line":null,"column":-1}},"14":{"start":{"line":78,"column":0},"end":{"line":null,"column":-1}},"15":{"start":{"line":90,"column":0},"end":{"line":null,"column":-1}}},"fnMap":{"0":{"name":"(anonymous_8)","decl":{"start":{"line":75,"column":0},"end":{"line":null,"column":-1}},"loc":{"start":{"line":75,"column":0},"end":{"line":90,"column":0}}},"1":{"name":"(anonymous_11)","decl":{"start":{"line":81,"column":0},"end":{"line":null,"column":-1}},"loc":{"start":{"line":81,"column":0},"end":{"line":83,"column":0}}},"2":{"name":"(anonymous_12)","decl":{"start":{"line":86,"column":0},"end":{"line":null,"column":-1}},"loc":{"start":{"line":86,"column":0},"end":{"line":89,"column":0}}}},"branchMap":{},"s":{"0":0,"1":0,"2":0,"3":0,"4":0,"5":0,"6":0,"7":0,"8":0,"9":0,"10":0,"11":0,"12":0,"13":0,"14":0,"15":0},"f":{"0":0,"1":0,"2":0},"b":{}}
,"/Users/administartor/Desktop/vue-vuex-typescript-demo-master/src/components/HelloWorld.vue": {"path":"/Users/administartor/Desktop/vue-vuex-typescript-demo-master/src/components/HelloWorld.vue","statementMap":{"0":{"start":{"line":10,"column":0},"end":{"line":null,"column":-1}},"1":{"start":{"line":15,"column":0},"end":{"line":null,"column":-1}},"2":{"start":{"line":20,"column":0},"end":{"line":null,"column":-1}}},"fnMap":{"0":{"name":"(anonymous_1)","decl":{"start":{"line":14,"column":0},"end":{"line":null,"column":-1}},"loc":{"start":{"line":14,"column":0},"end":{"line":18,"column":0}}},"1":{"name":"(anonymous_2)","decl":{"start":{"line":19,"column":0},"end":{"line":null,"column":-1}},"loc":{"start":{"line":19,"column":0},"end":{"line":22,"column":0}}},"2":{"name":"(anonymous_3)","decl":{"start":{"line":24,"column":0},"end":{"line":null,"column":-1}},"loc":{"start":{"line":24,"column":0},"end":{"line":26,"column":0}}}},"branchMap":{},"s":{"0":1,"1":1,"2":1},"f":{"0":1,"1":1,"2":1},"b":{}}
,"/Users/administartor/Desktop/vue-vuex-typescript-demo-master/src/components/ProductList.vue": {"path":"/Users/administartor/Desktop/vue-vuex-typescript-demo-master/src/components/ProductList.vue","statementMap":{"0":{"start":{"line":16,"column":0},"end":{"line":null,"column":-1}},"1":{"start":{"line":26,"column":0},"end":{"line":null,"column":-1}},"2":{"start":{"line":22,"column":0},"end":{"line":null,"column":-1}},"3":{"start":{"line":34,"column":0},"end":{"line":null,"column":-1}},"4":{"start":{"line":42,"column":0},"end":{"line":null,"column":-1}},"5":{"start":{"line":46,"column":0},"end":{"line":null,"column":-1}}},"fnMap":{"0":{"name":"(anonymous_1)","decl":{"start":{"line":33,"column":0},"end":{"line":null,"column":-1}},"loc":{"start":{"line":33,"column":0},"end":{"line":35,"column":0}}},"1":{"name":"(anonymous_2)","decl":{"start":{"line":41,"column":0},"end":{"line":null,"column":-1}},"loc":{"start":{"line":41,"column":0},"end":{"line":43,"column":0}}},"2":{"name":"(anonymous_3)","decl":{"start":{"line":45,"column":0},"end":{"line":null,"column":-1}},"loc":{"start":{"line":45,"column":0},"end":{"line":47,"column":0}}}},"branchMap":{},"s":{"0":0,"1":0,"2":0,"3":0,"4":0,"5":0},"f":{"0":0,"1":0,"2":0},"b":{}}
,"/Users/administartor/Desktop/vue-vuex-typescript-demo-master/src/components/ShoppingCart.vue": {"path":"/Users/administartor/Desktop/vue-vuex-typescript-demo-master/src/components/ShoppingCart.vue","statementMap":{"0":{"start":{"line":13,"column":0},"end":{"line":null,"column":-1}},"1":{"start":{"line":14,"column":0},"end":{"line":null,"column":-1}},"2":{"start":{"line":15,"column":0},"end":{"line":null,"column":-1}}},"fnMap":{},"branchMap":{},"s":{"0":0,"1":0,"2":0},"f":{},"b":{}}
,"/Users/administartor/Desktop/vue-vuex-typescript-demo-master/src/i18n/index.ts": {"path":"/Users/administartor/Desktop/vue-vuex-typescript-demo-master/src/i18n/index.ts","statementMap":{"0":{"start":{"line":2,"column":0},"end":{"line":null,"column":-1}},"1":{"start":{"line":3,"column":0},"end":{"line":null,"column":-1}},"2":{"start":{"line":4,"column":0},"end":{"line":null,"column":-1}}},"fnMap":{},"branchMap":{},"s":{"0":0,"1":0,"2":0},"f":{},"b":{}}
,"/Users/administartor/Desktop/vue-vuex-typescript-demo-master/src/lib/webstorage.ts": {"path":"/Users/administartor/Desktop/vue-vuex-typescript-demo-master/src/lib/webstorage.ts","statementMap":{"0":{"start":{"line":1,"column":6},"end":{"line":null,"column":-1}},"1":{"start":{"line":1,"column":6},"end":{"line":1,"column":5}},"2":{"start":{"line":1,"column":6},"end":{"line":3,"column":79}},"3":{"start":{"line":1,"column":7},"end":{"line":1,"column":6}},"4":{"start":{"line":1,"column":23},"end":{"line":1,"column":6}}},"fnMap":{"0":{"name":"(anonymous_0)","decl":{"start":{"line":1,"column":6},"end":{"line":null,"column":-1}},"loc":{"start":{"line":1,"column":6},"end":{"line":1,"column":5}}}},"branchMap":{"0":{"loc":{"start":{"line":1,"column":6},"end":{"line":null,"column":-1}},"type":"binary-expr","locations":[{"start":{"line":1,"column":6},"end":{"line":null,"column":-1}}]}},"s":{"0":0,"1":0,"2":0,"3":0,"4":0},"f":{"0":0},"b":{"0":[0]}}
,"/Users/administartor/Desktop/vue-vuex-typescript-demo-master/src/router/index.ts": {"path":"/Users/administartor/Desktop/vue-vuex-typescript-demo-master/src/router/index.ts","statementMap":{"0":{"start":{"line":2,"column":0},"end":{"line":null,"column":-1}},"1":{"start":{"line":3,"column":0},"end":{"line":null,"column":-1}},"2":{"start":{"line":4,"column":0},"end":{"line":null,"column":-1}},"3":{"start":{"line":5,"column":0},"end":{"line":null,"column":-1}}},"fnMap":{},"branchMap":{},"s":{"0":0,"1":0,"2":0,"3":0},"f":{},"b":{}}
,"/Users/administartor/Desktop/vue-vuex-typescript-demo-master/src/store/actions.ts": {"path":"/Users/administartor/Desktop/vue-vuex-typescript-demo-master/src/store/actions.ts","statementMap":{"0":{"start":{"line":5,"column":38},"end":{"line":5,"column":0}},"1":{"start":{"line":6,"column":2},"end":{"line":11,"column":3}},"2":{"start":{"line":7,"column":38},"end":{"line":7,"column":4}},"3":{"start":{"line":10,"column":4},"end":{"line":null,"column":-1}},"4":{"start":{"line":14,"column":40},"end":{"line":14,"column":0}}},"fnMap":{"0":{"name":"(anonymous_1)","decl":{"start":{"line":5,"column":38},"end":{"line":5,"column":38}},"loc":{"start":{"line":5,"column":84},"end":{"line":5,"column":0}}}},"branchMap":{"0":{"loc":{"start":{"line":6,"column":2},"end":{"line":11,"column":3}},"type":"if","locations":[{"start":{"line":6,"column":2},"end":{"line":11,"column":3}},{"start":{"line":6,"column":2},"end":{"line":11,"column":3}}]}},"s":{"0":0,"1":0,"2":0,"3":0,"4":0},"f":{"0":0},"b":{"0":[0,0]}}
,"/Users/administartor/Desktop/vue-vuex-typescript-demo-master/src/store/dispatches.ts": {"path":"/Users/administartor/Desktop/vue-vuex-typescript-demo-master/src/store/dispatches.ts","statementMap":{"0":{"start":{"line":3,"column":0},"end":{"line":null,"column":-1}},"1":{"start":{"line":5,"column":13},"end":{"line":5,"column":7}},"2":{"start":{"line":6,"column":2},"end":{"line":null,"column":-1}},"3":{"start":{"line":9,"column":13},"end":{"line":9,"column":7}},"4":{"start":{"line":10,"column":2},"end":{"line":null,"column":-1}}},"fnMap":{"0":{"name":"(anonymous_1)","decl":{"start":{"line":5,"column":32},"end":{"line":5,"column":32}},"loc":{"start":{"line":5,"column":56},"end":{"line":5,"column":7}}},"1":{"name":"(anonymous_2)","decl":{"start":{"line":9,"column":33},"end":{"line":9,"column":33}},"loc":{"start":{"line":9,"column":50},"end":{"line":9,"column":7}}}},"branchMap":{},"s":{"0":0,"1":0,"2":0,"3":0,"4":0},"f":{"0":0,"1":0},"b":{}}
,"/Users/administartor/Desktop/vue-vuex-typescript-demo-master/src/store/getters.ts": {"path":"/Users/administartor/Desktop/vue-vuex-typescript-demo-master/src/store/getters.ts","statementMap":{"0":{"start":{"line":4,"column":54},"end":{"line":null,"column":-1}},"1":{"start":{"line":4,"column":54},"end":{"line":4,"column":0}},"2":{"start":{"line":5,"column":2},"end":{"line":null,"column":-1}},"3":{"start":{"line":6,"column":20},"end":{"line":6,"column":4}},"4":{"start":{"line":6,"column":51},"end":{"line":6,"column":68}},"5":{"start":{"line":7,"column":4},"end":{"line":14,"column":5}},"6":{"start":{"line":8,"column":39},"end":{"line":8,"column":6}},"7":{"start":{"line":13,"column":6},"end":{"line":null,"column":-1}},"8":{"start":{"line":18,"column":43},"end":{"line":18,"column":0}}},"fnMap":{"0":{"name":"(anonymous_0)","decl":{"start":{"line":4,"column":54},"end":{"line":null,"column":-1}},"loc":{"start":{"line":4,"column":54},"end":{"line":4,"column":0}}},"1":{"name":"(anonymous_1)","decl":{"start":{"line":5,"column":30},"end":{"line":5,"column":30}},"loc":{"start":{"line":5,"column":36},"end":{"line":5,"column":9}}},"2":{"name":"(anonymous_2)","decl":{"start":{"line":6,"column":44},"end":{"line":6,"column":44}},"loc":{"start":{"line":6,"column":46},"end":{"line":6,"column":20}}}},"branchMap":{"0":{"loc":{"start":{"line":7,"column":4},"end":{"line":14,"column":5}},"type":"if","locations":[{"start":{"line":7,"column":4},"end":{"line":14,"column":5}},{"start":{"line":7,"column":4},"end":{"line":14,"column":5}}]}},"s":{"0":0,"1":0,"2":0,"3":0,"4":0,"5":0,"6":0,"7":0,"8":0},"f":{"0":0,"1":0,"2":0},"b":{"0":[0,0]}}
,"/Users/administartor/Desktop/vue-vuex-typescript-demo-master/src/store/index.ts": {"path":"/Users/administartor/Desktop/vue-vuex-typescript-demo-master/src/store/index.ts","statementMap":{"0":{"start":{"line":2,"column":0},"end":{"line":null,"column":-1}},"1":{"start":{"line":3,"column":0},"end":{"line":null,"column":-1}},"2":{"start":{"line":4,"column":0},"end":{"line":null,"column":-1}},"3":{"start":{"line":5,"column":0},"end":{"line":null,"column":-1}},"4":{"start":{"line":6,"column":0},"end":{"line":null,"column":-1}}},"fnMap":{},"branchMap":{},"s":{"0":0,"1":0,"2":0,"3":0,"4":0},"f":{},"b":{}}
,"/Users/administartor/Desktop/vue-vuex-typescript-demo-master/src/store/mutation-types.ts": {"path":"/Users/administartor/Desktop/vue-vuex-typescript-demo-master/src/store/mutation-types.ts","statementMap":{"0":{"start":{"line":1,"column":7},"end":{"line":null,"column":-1}},"1":{"start":{"line":2,"column":13},"end":{"line":2,"column":7}},"2":{"start":{"line":3,"column":13},"end":{"line":3,"column":7}},"3":{"start":{"line":4,"column":13},"end":{"line":4,"column":7}},"4":{"start":{"line":5,"column":13},"end":{"line":5,"column":7}}},"fnMap":{},"branchMap":{},"s":{"0":0,"1":0,"2":0,"3":0,"4":0},"f":{},"b":{}}
,"/Users/administartor/Desktop/vue-vuex-typescript-demo-master/src/store/modules/cart.ts": {"path":"/Users/administartor/Desktop/vue-vuex-typescript-demo-master/src/store/modules/cart.ts","statementMap":{"0":{"start":{"line":2,"column":0},"end":{"line":null,"column":-1}},"1":{"start":{"line":3,"column":0},"end":{"line":null,"column":-1}},"2":{"start":{"line":22,"column":25},"end":{"line":22,"column":0}},"3":{"start":{"line":28,"column":16},"end":{"line":28,"column":0}},"4":{"start":{"line":29,"column":36},"end":{"line":29,"column":56}},"5":{"start":{"line":33,"column":16},"end":{"line":33,"column":0}},"6":{"start":{"line":35,"column":51},"end":{"line":35,"column":4}},"7":{"start":{"line":38,"column":4},"end":{"line":null,"column":-1}},"8":{"start":{"line":39,"column":4},"end":{"line":null,"column":-1}},"9":{"start":{"line":41,"column":12},"end":{"line":41,"column":50}},"10":{"start":{"line":42,"column":12},"end":{"line":42,"column":66}},"11":{"start":{"line":48,"column":15},"end":{"line":48,"column":6}},"12":{"start":{"line":50,"column":4},"end":{"line":null,"column":-1}},"13":{"start":{"line":51,"column":19},"end":{"line":51,"column":4}},"14":{"start":{"line":51,"column":43},"end":{"line":51,"column":62}},"15":{"start":{"line":52,"column":4},"end":{"line":59,"column":5}},"16":{"start":{"line":53,"column":6},"end":{"line":null,"column":-1}},"17":{"start":{"line":58,"column":6},"end":{"line":null,"column":-1}},"18":{"start":{"line":64,"column":4},"end":{"line":null,"column":-1}},"19":{"start":{"line":65,"column":4},"end":{"line":null,"column":-1}},"20":{"start":{"line":69,"column":4},"end":{"line":null,"column":-1}},"21":{"start":{"line":74,"column":4},"end":{"line":null,"column":-1}},"22":{"start":{"line":75,"column":4},"end":{"line":null,"column":-1}}},"fnMap":{"0":{"name":"(anonymous_3)","decl":{"start":{"line":29,"column":18},"end":{"line":29,"column":18}},"loc":{"start":{"line":29,"column":31},"end":{"line":28,"column":16}}},"1":{"name":"(anonymous_4)","decl":{"start":{"line":34,"column":2},"end":{"line":34,"column":11}},"loc":{"start":{"line":34,"column":78},"end":{"line":33,"column":16}}},"2":{"name":"(anonymous_5)","decl":{"start":{"line":41,"column":6},"end":{"line":41,"column":5}},"loc":{"start":{"line":41,"column":6},"end":{"line":39,"column":4}}},"3":{"name":"(anonymous_6)","decl":{"start":{"line":42,"column":6},"end":{"line":42,"column":5}},"loc":{"start":{"line":42,"column":6},"end":{"line":39,"column":4}}},"4":{"name":"(anonymous_7)","decl":{"start":{"line":49,"column":2},"end":{"line":49,"column":22}},"loc":{"start":{"line":49,"column":62},"end":{"line":48,"column":15}}},"5":{"name":"(anonymous_8)","decl":{"start":{"line":51,"column":36},"end":{"line":51,"column":36}},"loc":{"start":{"line":51,"column":38},"end":{"line":51,"column":19}}},"6":{"name":"(anonymous_9)","decl":{"start":{"line":62,"column":2},"end":{"line":62,"column":27}},"loc":{"start":{"line":62,"column":40},"end":{"line":48,"column":15}}},"7":{"name":"(anonymous_10)","decl":{"start":{"line":68,"column":2},"end":{"line":68,"column":27}},"loc":{"start":{"line":68,"column":40},"end":{"line":48,"column":15}}},"8":{"name":"(anonymous_11)","decl":{"start":{"line":72,"column":2},"end":{"line":72,"column":27}},"loc":{"start":{"line":72,"column":73},"end":{"line":48,"column":15}}}},"branchMap":{"0":{"loc":{"start":{"line":52,"column":4},"end":{"line":59,"column":5}},"type":"if","locations":[{"start":{"line":52,"column":4},"end":{"line":59,"column":5}},{"start":{"line":52,"column":4},"end":{"line":59,"column":5}}]}},"s":{"0":0,"1":0,"2":0,"3":0,"4":0,"5":0,"6":0,"7":0,"8":0,"9":0,"10":0,"11":0,"12":0,"13":0,"14":0,"15":0,"16":0,"17":0,"18":0,"19":0,"20":0,"21":0,"22":0},"f":{"0":0,"1":0,"2":0,"3":0,"4":0,"5":0,"6":0,"7":0,"8":0},"b":{"0":[0,0]}}
,"/Users/administartor/Desktop/vue-vuex-typescript-demo-master/src/store/modules/products.ts": {"path":"/Users/administartor/Desktop/vue-vuex-typescript-demo-master/src/store/modules/products.ts","statementMap":{"0":{"start":{"line":1,"column":0},"end":{"line":null,"column":-1}},"1":{"start":{"line":2,"column":0},"end":{"line":null,"column":-1}},"2":{"start":{"line":14,"column":18},"end":{"line":14,"column":0}},"3":{"start":{"line":19,"column":16},"end":{"line":19,"column":0}},"4":{"start":{"line":20,"column":33},"end":{"line":20,"column":42}},"5":{"start":{"line":24,"column":16},"end":{"line":24,"column":0}},"6":{"start":{"line":26,"column":4},"end":{"line":null,"column":-1}},"7":{"start":{"line":27,"column":39},"end":{"line":27,"column":6}},"8":{"start":{"line":30,"column":6},"end":{"line":null,"column":-1}},"9":{"start":{"line":36,"column":15},"end":{"line":36,"column":6}},"10":{"start":{"line":38,"column":4},"end":{"line":null,"column":-1}},"11":{"start":{"line":42,"column":20},"end":{"line":42,"column":4}},"12":{"start":{"line":42,"column":42},"end":{"line":42,"column":61}},"13":{"start":{"line":43,"column":4},"end":{"line":45,"column":5}},"14":{"start":{"line":44,"column":6},"end":{"line":null,"column":-1}}},"fnMap":{"0":{"name":"(anonymous_2)","decl":{"start":{"line":20,"column":15},"end":{"line":20,"column":15}},"loc":{"start":{"line":20,"column":28},"end":{"line":19,"column":16}}},"1":{"name":"(anonymous_3)","decl":{"start":{"line":25,"column":2},"end":{"line":25,"column":17}},"loc":{"start":{"line":25,"column":45},"end":{"line":24,"column":16}}},"2":{"name":"(anonymous_4)","decl":{"start":{"line":26,"column":21},"end":{"line":26,"column":21}},"loc":{"start":{"line":26,"column":41},"end":{"line":26,"column":4}}},"3":{"name":"(anonymous_5)","decl":{"start":{"line":37,"column":2},"end":{"line":37,"column":27}},"loc":{"start":{"line":37,"column":66},"end":{"line":36,"column":15}}},"4":{"name":"(anonymous_6)","decl":{"start":{"line":41,"column":2},"end":{"line":41,"column":22}},"loc":{"start":{"line":41,"column":62},"end":{"line":36,"column":15}}},"5":{"name":"(anonymous_7)","decl":{"start":{"line":42,"column":35},"end":{"line":42,"column":35}},"loc":{"start":{"line":42,"column":37},"end":{"line":42,"column":20}}}},"branchMap":{"0":{"loc":{"start":{"line":43,"column":4},"end":{"line":45,"column":5}},"type":"if","locations":[{"start":{"line":43,"column":4},"end":{"line":45,"column":5}},{"start":{"line":43,"column":4},"end":{"line":45,"column":5}}]}},"s":{"0":0,"1":0,"2":0,"3":0,"4":0,"5":0,"6":0,"7":0,"8":0,"9":0,"10":0,"11":0,"12":0,"13":0,"14":0},"f":{"0":0,"1":0,"2":0,"3":0,"4":0,"5":0},"b":{"0":[0,0]}}
,"/Users/administartor/Desktop/vue-vuex-typescript-demo-master/src/utils/add.ts": {"path":"/Users/administartor/Desktop/vue-vuex-typescript-demo-master/src/utils/add.ts","statementMap":{"0":{"start":{"line":1,"column":25},"end":{"line":null,"column":-1}},"1":{"start":{"line":2,"column":2},"end":{"line":null,"column":-1}}},"fnMap":{"0":{"name":"add","decl":{"start":{"line":1,"column":25},"end":{"line":null,"column":-1}},"loc":{"start":{"line":1,"column":25},"end":{"line":3,"column":1}}}},"branchMap":{},"s":{"0":0,"1":0},"f":{"0":0},"b":{}}
,"/Users/administartor/Desktop/vue-vuex-typescript-demo-master/src/views/Home.vue": {"path":"/Users/administartor/Desktop/vue-vuex-typescript-demo-master/src/views/Home.vue","statementMap":{"0":{"start":{"line":9,"column":0},"end":{"line":null,"column":-1}},"1":{"start":{"line":10,"column":0},"end":{"line":null,"column":-1}},"2":{"start":{"line":17,"column":0},"end":{"line":null,"column":-1}},"3":{"start":{"line":17,"column":0},"end":{"line":12,"column":0}}},"fnMap":{"0":{"name":"(anonymous_8)","decl":{"start":{"line":17,"column":0},"end":{"line":null,"column":-1}},"loc":{"start":{"line":17,"column":0},"end":{"line":null,"column":-1}}}},"branchMap":{},"s":{"0":0,"1":0,"2":0,"3":0},"f":{"0":0},"b":{}}
,"/Users/administartor/Desktop/vue-vuex-typescript-demo-master/src/views/ShoppingCart.vue": {"path":"/Users/administartor/Desktop/vue-vuex-typescript-demo-master/src/views/ShoppingCart.vue","statementMap":{"0":{"start":{"line":9,"column":0},"end":{"line":null,"column":-1}},"1":{"start":{"line":10,"column":0},"end":{"line":null,"column":-1}},"2":{"start":{"line":17,"column":0},"end":{"line":null,"column":-1}},"3":{"start":{"line":17,"column":0},"end":{"line":12,"column":0}}},"fnMap":{"0":{"name":"(anonymous_8)","decl":{"start":{"line":17,"column":0},"end":{"line":null,"column":-1}},"loc":{"start":{"line":17,"column":0},"end":{"line":null,"column":-1}}}},"branchMap":{},"s":{"0":0,"1":0,"2":0,"3":0},"f":{"0":0},"b":{}}
}
